<?xml version="1.0" encoding="UTF-8"?>
<testng-results ignored="0" total="6" passed="6" failed="0" skipped="0">
  <reporter-output>
  </reporter-output>
  <suite started-at="2023-02-06T23:34:54 CET" name="TestPlan" finished-at="2023-02-06T23:35:40 CET" duration-ms="45331">
    <groups>
    </groups>
    <test started-at="2023-02-06T23:34:54 CET" name="Command line test" finished-at="2023-02-06T23:35:40 CET" duration-ms="45331">
      <class name="TestPlan">
        <test-method signature="findLink()[pri:0, instance:TestPlan@12dae582]" started-at="2023-02-06T23:34:54 CET" name="findLink" finished-at="2023-02-06T23:34:57 CET" duration-ms="3178" status="PASS">
          <reporter-output>
          </reporter-output>
        </test-method> <!-- findLink -->
        <test-method signature="checkPage()[pri:1, instance:TestPlan@12dae582]" started-at="2023-02-06T23:34:57 CET" name="checkPage" finished-at="2023-02-06T23:34:59 CET" duration-ms="1696" status="PASS">
          <reporter-output>
          </reporter-output>
        </test-method> <!-- checkPage -->
        <test-method signature="logIn()[pri:2, instance:TestPlan@12dae582]" started-at="2023-02-06T23:34:59 CET" name="logIn" finished-at="2023-02-06T23:35:07 CET" duration-ms="7685" status="PASS">
          <reporter-output>
          </reporter-output>
        </test-method> <!-- logIn -->
        <test-method signature="searchArticle()[pri:3, instance:TestPlan@12dae582]" started-at="2023-02-06T23:35:07 CET" name="searchArticle" finished-at="2023-02-06T23:35:08 CET" duration-ms="1334" status="PASS">
          <reporter-output>
          </reporter-output>
        </test-method> <!-- searchArticle -->
        <test-method signature="putInBasket()[pri:4, instance:TestPlan@12dae582]" started-at="2023-02-06T23:35:08 CET" name="putInBasket" finished-at="2023-02-06T23:35:24 CET" duration-ms="15417" status="PASS">
          <reporter-output>
          </reporter-output>
        </test-method> <!-- putInBasket -->
        <test-method signature="putOutOfBasket()[pri:5, instance:TestPlan@12dae582]" started-at="2023-02-06T23:35:24 CET" name="putOutOfBasket" finished-at="2023-02-06T23:35:40 CET" duration-ms="15987" status="PASS">
          <reporter-output>
          </reporter-output>
        </test-method> <!-- putOutOfBasket -->
        <test-method is-config="true" signature="cleanUp()[pri:0, instance:TestPlan@12dae582]" started-at="2023-02-06T23:35:40 CET" name="cleanUp" finished-at="2023-02-06T23:35:40 CET" duration-ms="477" status="PASS">
          <reporter-output>
          </reporter-output>
        </test-method> <!-- cleanUp -->
      </class> <!-- TestPlan -->
    </test> <!-- Command line test -->
  </suite> <!-- TestPlan -->
</testng-results>
