<?xml version="1.0" encoding="UTF-8"?>
<!-- Generated by org.testng.reporters.JUnitXMLReporter -->
<testsuite ignored="0" hostname="DESKTOP-RFF6U82" failures="0" tests="6" name="Command line test" time="45.331" errors="0" timestamp="2023-02-06T23:35:40 CET">
  <testcase classname="TestPlan" name="findLink" time="3.178"/>
  <testcase classname="TestPlan" name="checkPage" time="1.696"/>
  <testcase classname="TestPlan" name="logIn" time="7.685"/>
  <testcase classname="TestPlan" name="searchArticle" time="1.334"/>
  <testcase classname="TestPlan" name="putInBasket" time="15.417"/>
  <testcase classname="TestPlan" name="putOutOfBasket" time="15.987"/>
</testsuite> <!-- Command line test -->
